Flow report for PRUEBAS_DE0_NANO
Fri May 31 14:09:53 2024
Quartus Prime Version 19.1.0 Build 670 09/22/2019 SJ Lite Edition


---------------------
; Table of Contents ;
---------------------
  1. Legal Notice
  2. Flow Summary
  3. Flow Settings
  4. Flow Non-Default Global Settings
  5. Flow Elapsed Time
  6. Flow OS Summary
  7. Flow Log
  8. Flow Messages
  9. Flow Suppressed Messages



----------------
; Legal Notice ;
----------------
Copyright (C) 2019  Intel Corporation. All rights reserved.
Your use of Intel Corporation's design tools, logic functions 
and other software and tools, and any partner logic 
functions, and any output files from any of the foregoing 
(including device programming or simulation files), and any 
associated documentation or information are expressly subject 
to the terms and conditions of the Intel Program License 
Subscription Agreement, the Intel Quartus Prime License Agreement,
the Intel FPGA IP License Agreement, or other applicable license
agreement, including, without limitation, that your use is for
the sole purpose of programming logic devices manufactured by
Intel and sold by Intel or its authorized distributors.  Please
refer to the applicable agreement for further details, at
https://fpgasoftware.intel.com/eula.



+----------------------------------------------------------------------------------+
; Flow Summary                                                                     ;
+------------------------------------+---------------------------------------------+
; Flow Status                        ; Successful - Fri May 31 14:09:50 2024       ;
; Quartus Prime Version              ; 19.1.0 Build 670 09/22/2019 SJ Lite Edition ;
; Revision Name                      ; PRUEBAS_DE0_NANO                            ;
; Top-level Entity Name              ; counter_15                                  ;
; Family                             ; Cyclone IV E                                ;
; Device                             ; EP4CE22F17C6                                ;
; Timing Models                      ; Final                                       ;
; Total logic elements               ; 4 / 22,320 ( < 1 % )                        ;
;     Total combinational functions  ; 4 / 22,320 ( < 1 % )                        ;
;     Dedicated logic registers      ; 4 / 22,320 ( < 1 % )                        ;
; Total registers                    ; 4                                           ;
; Total pins                         ; 6 / 154 ( 4 % )                             ;
; Total virtual pins                 ; 0                                           ;
; Total memory bits                  ; 0 / 608,256 ( 0 % )                         ;
; Embedded Multiplier 9-bit elements ; 0 / 132 ( 0 % )                             ;
; Total PLLs                         ; 0 / 4 ( 0 % )                               ;
+------------------------------------+---------------------------------------------+


+-----------------------------------------+
; Flow Settings                           ;
+-------------------+---------------------+
; Option            ; Setting             ;
+-------------------+---------------------+
; Start date & time ; 05/31/2024 14:09:29 ;
; Main task         ; Compilation         ;
; Revision Name     ; PRUEBAS_DE0_NANO    ;
+-------------------+---------------------+


+----------------------------------------------------------------------------------------------------------------------------+
; Flow Non-Default Global Settings                                                                                           ;
+-------------------------------------+----------------------------------------+------------------+-------------+------------+
; Assignment Name                     ; Value                                  ; Default Value    ; Entity Name ; Section Id ;
+-------------------------------------+----------------------------------------+------------------+-------------+------------+
; COMPILER_SIGNATURE_ID               ; 2499179806619.171718256911928          ; --               ; --          ; --         ;
; MAX_CORE_JUNCTION_TEMP              ; 85                                     ; --               ; --          ; --         ;
; MIN_CORE_JUNCTION_TEMP              ; 0                                      ; --               ; --          ; --         ;
; NOMINAL_CORE_SUPPLY_VOLTAGE         ; 1.2V                                   ; --               ; --          ; --         ;
; PARTITION_COLOR                     ; -- (Not supported for targeted family) ; --               ; counter_15  ; Top        ;
; PARTITION_FITTER_PRESERVATION_LEVEL ; -- (Not supported for targeted family) ; --               ; counter_15  ; Top        ;
; PARTITION_NETLIST_TYPE              ; -- (Not supported for targeted family) ; --               ; counter_15  ; Top        ;
; PROJECT_OUTPUT_DIRECTORY            ; output_files                           ; --               ; --          ; --         ;
; TOP_LEVEL_ENTITY                    ; counter_15                             ; PRUEBAS_DE0_NANO ; --          ; --         ;
+-------------------------------------+----------------------------------------+------------------+-------------+------------+


+--------------------------------------------------------------------------------------------------------------------------+
; Flow Elapsed Time                                                                                                        ;
+----------------------+--------------+-------------------------+---------------------+------------------------------------+
; Module Name          ; Elapsed Time ; Average Processors Used ; Peak Virtual Memory ; Total CPU Time (on all processors) ;
+----------------------+--------------+-------------------------+---------------------+------------------------------------+
; Analysis & Synthesis ; 00:00:10     ; 1.0                     ; 4835 MB             ; 00:00:22                           ;
; Fitter               ; 00:00:08     ; 1.0                     ; 5814 MB             ; 00:00:07                           ;
; Assembler            ; 00:00:01     ; 1.0                     ; 4681 MB             ; 00:00:01                           ;
; Timing Analyzer      ; 00:00:02     ; 1.0                     ; 4828 MB             ; 00:00:01                           ;
; Total                ; 00:00:21     ; --                      ; --                  ; 00:00:31                           ;
+----------------------+--------------+-------------------------+---------------------+------------------------------------+


+------------------------------------------------------------------------------------+
; Flow OS Summary                                                                    ;
+----------------------+------------------+------------+------------+----------------+
; Module Name          ; Machine Hostname ; OS Name    ; OS Version ; Processor type ;
+----------------------+------------------+------------+------------+----------------+
; Analysis & Synthesis ; DESKTOP-5IGSDNN  ; Windows 10 ; 10.0       ; x86_64         ;
; Fitter               ; DESKTOP-5IGSDNN  ; Windows 10 ; 10.0       ; x86_64         ;
; Assembler            ; DESKTOP-5IGSDNN  ; Windows 10 ; 10.0       ; x86_64         ;
; Timing Analyzer      ; DESKTOP-5IGSDNN  ; Windows 10 ; 10.0       ; x86_64         ;
+----------------------+------------------+------------+------------+----------------+


------------
; Flow Log ;
------------
quartus_map --read_settings_files=on --write_settings_files=off PRUEBAS_DE0_NANO -c PRUEBAS_DE0_NANO
quartus_fit --read_settings_files=off --write_settings_files=off PRUEBAS_DE0_NANO -c PRUEBAS_DE0_NANO
quartus_asm --read_settings_files=off --write_settings_files=off PRUEBAS_DE0_NANO -c PRUEBAS_DE0_NANO
quartus_sta PRUEBAS_DE0_NANO -c PRUEBAS_DE0_NANO



